<?xml version="1.0" encoding="UTF-8"?>
<testng-results skipped="0" failed="0" ignored="0" total="1" passed="1">
  <reporter-output>
  </reporter-output>
  <suite name="Default suite" duration-ms="24253" started-at="2019-01-24T05:50:22Z" finished-at="2019-01-24T05:50:46Z">
    <groups>
    </groups>
    <test name="Default test" duration-ms="24253" started-at="2019-01-24T05:50:22Z" finished-at="2019-01-24T05:50:46Z">
      <class name="com.E2E.app.HomePageMethod">
        <test-method status="PASS" signature="basePageNavigation()[pri:0, instance:com.E2E.app.HomePageMethod@193948d]" name="basePageNavigation" duration-ms="24197" started-at="2019-01-24T05:50:22Z" finished-at="2019-01-24T05:50:46Z">
          <reporter-output>
          </reporter-output>
        </test-method> <!-- basePageNavigation -->
      </class> <!-- com.E2E.app.HomePageMethod -->
    </test> <!-- Default test -->
  </suite> <!-- Default suite -->
</testng-results>
